<?xml version="1.0" encoding="UTF-8"?>
<testsuite xmlns:xsi="http://www.w3.org/2001/XMLSchema-instance" xsi:noNamespaceSchemaLocation="https://maven.apache.org/surefire/maven-surefire-plugin/xsd/surefire-test-report-3.0.xsd" version="3.0" name="cucumber.Options.TestRunner" time="20.188" tests="2" errors="1" skipped="0" failures="0">
  <properties>
[...]
</properties>
  <testcase name="Validate end to end flow to place the order success" classname="Validate End to end flow #1" time="14.969">
    <system-out><![CDATA[
@EndToEndFlow @regression @sanity
Scenario: Validate end to end flow to place the order success &amp#27;[90m# src/test/resources/Feature/EndToEndFlow.feature:5&amp#27;[0m
chrome
19:19:08.252 [main] INFO  stepDefinations.StepDefinations - Application launched
  &amp#27;[32mGiven &amp#27;[0m&amp#27;[32mI launch the application&amp#27;[0m                              &amp#27;[90m# stepDefinations.StepDefinations.i_launch_the_application()&amp#27;[0m
  &amp#27;[32mWhen &amp#27;[0m&amp#27;[32mI add &amp#27;[0m&amp#27;[32m&amp#27;[1m"Cucumber"&amp#27;[0m&amp#27;[32m and &amp#27;[0m&amp#27;[32m&amp#27;[1m"3"&amp#27;[0m                               &amp#27;[90m# stepDefinations.StepDefinations.i_add_and(java.lang.String,java.lang.String)&amp#27;[0m
  &amp#27;[32mAnd &amp#27;[0m&amp#27;[32mI click on cart icon&amp#27;[0m                                    &amp#27;[90m# stepDefinations.StepDefinations.i_click_on_cart_icon()&amp#27;[0m
  &amp#27;[32mAnd &amp#27;[0m&amp#27;[32mI click proceed to check out button&amp#27;[0m                     &amp#27;[90m# stepDefinations.StepDefinations.i_click_proceed_to_check_out_button()&amp#27;[0m
  &amp#27;[32mThen &amp#27;[0m&amp#27;[32mI verify user is on place order page&amp#27;[0m                   &amp#27;[90m# stepDefinations.StepDefinations.i_verify_user_is_on_place_order_page()&amp#27;[0m
  &amp#27;[32mWhen &amp#27;[0m&amp#27;[32mI click on Place Order button&amp#27;[0m                          &amp#27;[90m# stepDefinations.StepDefinations.i_click_on_place_order_button()&amp#27;[0m
  &amp#27;[32mThen &amp#27;[0m&amp#27;[32mI verify user is on address details page&amp#27;[0m               &amp#27;[90m# stepDefinations.StepDefinations.i_verify_user_is_on_address_details_page()&amp#27;[0m
  &amp#27;[32mWhen &amp#27;[0m&amp#27;[32mI Select country and Accept the terms and conditions&amp#27;[0m   &amp#27;[90m# stepDefinations.StepDefinations.i_select_i_select_and_accept_the_terms_and_conditions(io.cucumber.datatable.DataTable)&amp#27;[0m
    | Country |
    | India   |
  &amp#27;[32mAnd &amp#27;[0m&amp#27;[32mI click on Proceed button&amp#27;[0m                               &amp#27;[90m# stepDefinations.StepDefinations.i_click_on_proceed_button()&amp#27;[0m
  &amp#27;[32mThen &amp#27;[0m&amp#27;[32mI validate the success message is displayed&amp#27;[0m            &amp#27;[90m# stepDefinations.StepDefinations.i_validate_the_success_message_is_displayed()&amp#27;[0m
]]></system-out>
    <system-err><![CDATA[SLF4J: Failed to load class "org.slf4j.impl.StaticLoggerBinder".
SLF4J: Defaulting to no-operation (NOP) logger implementation
SLF4J: See http://www.slf4j.org/codes.html#StaticLoggerBinder for further details.
Jul 22, 2025 7:19:03 PM org.openqa.selenium.devtools.CdpVersionFinder findNearestMatch
WARNING: Unable to find CDP implementation matching 138
Jul 22, 2025 7:19:03 PM org.openqa.selenium.chromium.ChromiumDriver lambda$new$4
WARNING: Unable to find version of CDP to use for 138.0.7204.158. You may need to include a dependency on a specific version of the CDP using something similar to `org.seleniumhq.selenium:selenium-devtools-v86:4.28.0` where the version ("v86") matches the version of the chromium-based browser you're using and the version number of the artifact is the same as Selenium's.
]]></system-err>
  </testcase>
  <testcase name="Verify the serach functionality working fine in Top deal" classname="Validate End to end flow #2" time="3.974">
    <error message="TODO: implement me" type="io.cucumber.java.PendingException"><![CDATA[io.cucumber.java.PendingException: TODO: implement me
	at stepDefinations.TopDealStepDefinations.i_navigate_to_top_deal_page(TopDealStepDefinations.java:12)
	at ✽.I Navigate to Top deal Page(file:///C:/Users/Admin/eclipse-workspace/uiAutomation/src/test/resources/Feature/TopDeal.feature:7)
]]></error>
    <system-out><![CDATA[
@EndToEndFlow @regression @sanity
Scenario: Verify the serach functionality working fine in Top deal            &amp#27;[90m# src/test/resources/Feature/TopDeal.feature:5&amp#27;[0m
chrome
19:19:19.742 [main] INFO  stepDefinations.StepDefinations - Application launched
  &amp#27;[32mGiven &amp#27;[0m&amp#27;[32mI launch the application&amp#27;[0m                                              &amp#27;[90m# stepDefinations.StepDefinations.i_launch_the_application()&amp#27;[0m
  &amp#27;[33mAnd &amp#27;[0m&amp#27;[33mI Navigate to Top deal Page&amp#27;[0m                                             &amp#27;[90m# stepDefinations.TopDealStepDefinations.i_navigate_to_top_deal_page()&amp#27;[0m
      &amp#27;[33mio.cucumber.java.PendingException: TODO: implement me
	at stepDefinations.TopDealStepDefinations.i_navigate_to_top_deal_page(TopDealStepDefinations.java:12)
	at âœ½.I Navigate to Top deal Page(file:///C:/Users/Admin/eclipse-workspace/uiAutomation/src/test/resources/Feature/TopDeal.feature:7)
&amp#27;[0m
  &amp#27;[36mWhen &amp#27;[0m&amp#27;[36mI Search for the text &amp#27;[0m&amp#27;[36m&amp#27;[1m'apple'&amp#27;[0m                                          &amp#27;[90m# stepDefinations.TopDealStepDefinations.i_search_for_the_text(java.lang.String)&amp#27;[0m
  &amp#27;[36mThen &amp#27;[0m&amp#27;[36mI verify that only Items with word containing &amp#27;[0m&amp#27;[36m&amp#27;[1m'apple'&amp#27;[0m&amp#27;[36m is shown to user&amp#27;[0m &amp#27;[90m# stepDefinations.TopDealStepDefinations.i_verify_that_only_items_with_word_containing_is_shown_to_user(java.lang.String)&amp#27;[0m
]]></system-out>
    <system-err><![CDATA[Jul 22, 2025 7:19:17 PM org.openqa.selenium.devtools.CdpVersionFinder findNearestMatch
WARNING: Unable to find CDP implementation matching 138
Jul 22, 2025 7:19:17 PM org.openqa.selenium.chromium.ChromiumDriver lambda$new$4
WARNING: Unable to find version of CDP to use for 138.0.7204.158. You may need to include a dependency on a specific version of the CDP using something similar to `org.seleniumhq.selenium:selenium-devtools-v86:4.28.0` where the version ("v86") matches the version of the chromium-based browser you're using and the version number of the artifact is the same as Selenium's.
]]></system-err>
  </testcase>
</testsuite>