<?xml version="1.0" encoding="UTF-8"?>
<testsuite xmlns:xsi="http://www.w3.org/2001/XMLSchema-instance" xsi:noNamespaceSchemaLocation="https://maven.apache.org/surefire/maven-surefire-plugin/xsd/surefire-test-report-3.0.xsd" version="3.0" name="cucumber.Options.TestRunner" time="22.556" tests="6" errors="0" skipped="0" failures="0">
  <properties>
[...]
</properties>
  <testcase name="runScenario[&quot;Validate item successfully added to the cart&quot;, &quot;Validate add to cart functionality&quot;](1)" classname="cucumber.Options.TestRunner" time="11.501">
    <system-out><![CDATA[
@AddTocart @ScenarioContext @regression @priceCheck
Scenario: Validate the price on checkout page &amp#27;[90m# src/test/resources/Feature/AddToCart.feature:26&amp#27;[0m

@AddTocart @regression
Scenario Outline: Validate item successfully added to the cart &amp#27;[90m# src/test/resources/Feature/AddToCart.feature:13&amp#27;[0m

@TopDeal @regression @sanity
Scenario: Verify the serach functionality working fine in Top deal            &amp#27;[90m# src/test/resources/Feature/TopDeal.feature:5&amp#27;[0m

@AddTocart @regression @checkout
Scenario: Validate Proceed to checkout button functionality &amp#27;[90m# src/test/resources/Feature/AddToCart.feature:17&amp#27;[0m

@AddTocart @regression
Scenario Outline: Validate item successfully added to the cart &amp#27;[90m# src/test/resources/Feature/AddToCart.feature:14&amp#27;[0m

@EndToEndFlow @regression @sanity
Scenario: Validate end to end flow to place the order success &amp#27;[90m# src/test/resources/Feature/EndToEndFlow.feature:5&amp#27;[0m
chrome
chrome
chrome
chrome
chrome
chrome
23:39:44.640 [TestNG-PoolService-5] INFO  stepDefinations.StepDefinations - Application launched
  &amp#27;[32mGiven &amp#27;[0m&amp#27;[32mI launch the application&amp#27;[0m                              &amp#27;[90m# stepDefinations.StepDefinations.i_launch_the_application()&amp#27;[0m
23:39:44.893 [TestNG-PoolService-3] INFO  stepDefinations.StepDefinations - Application launched
  &amp#27;[32mGiven &amp#27;[0m&amp#27;[32mI launch the application&amp#27;[0m                            &amp#27;[90m# stepDefinations.StepDefinations.i_launch_the_application()&amp#27;[0m
23:39:44.950 [TestNG-PoolService-4] INFO  stepDefinations.StepDefinations - Application launched
  &amp#27;[32mGiven &amp#27;[0m&amp#27;[32mI launch the application&amp#27;[0m              &amp#27;[90m# stepDefinations.StepDefinations.i_launch_the_application()&amp#27;[0m
23:39:45.012 [TestNG-PoolService-1] INFO  stepDefinations.StepDefinations - Application launched
  &amp#27;[32mGiven &amp#27;[0m&amp#27;[32mI launch the application&amp#27;[0m                               &amp#27;[90m# stepDefinations.StepDefinations.i_launch_the_application()&amp#27;[0m
23:39:46.771 [TestNG-PoolService-2] INFO  stepDefinations.StepDefinations - Application launched
  &amp#27;[32mGiven &amp#27;[0m&amp#27;[32mI launch the application&amp#27;[0m                               &amp#27;[90m# stepDefinations.StepDefinations.i_launch_the_application()&amp#27;[0m
  &amp#27;[32mWhen &amp#27;[0m&amp#27;[32mI click on cart icon&amp#27;[0m                                 &amp#27;[90m# stepDefinations.StepDefinations.i_click_on_cart_icon()&amp#27;[0m
disabled
  &amp#27;[32mThen &amp#27;[0m&amp#27;[32mI verify that proceed to checkout button is disabled&amp#27;[0m &amp#27;[90m# stepDefinations.StepDefinations.i_verify_that_proceed_to_checkout_button_is_disabled()&amp#27;[0m
23:39:47.773 [TestNG-PoolService-6] INFO  stepDefinations.StepDefinations - Application launched
  &amp#27;[32mGiven &amp#27;[0m&amp#27;[32mI launch the application&amp#27;[0m                                              &amp#27;[90m# stepDefinations.StepDefinations.i_launch_the_application()&amp#27;[0m
  &amp#27;[32mWhen &amp#27;[0m&amp#27;[32mI add &amp#27;[0m&amp#27;[32m&amp#27;[1m"Cucumber"&amp#27;[0m&amp#27;[32m and &amp#27;[0m&amp#27;[32m&amp#27;[1m"3"&amp#27;[0m                               &amp#27;[90m# stepDefinations.StepDefinations.i_add_and(java.lang.String,java.lang.String)&amp#27;[0m
  &amp#27;[32mWhen &amp#27;[0m&amp#27;[32mI add &amp#27;[0m&amp#27;[32m&amp#27;[1m"Cauliflower"&amp#27;[0m&amp#27;[32m and &amp#27;[0m&amp#27;[32m&amp#27;[1m"2"&amp#27;[0m                             &amp#27;[90m# stepDefinations.StepDefinations.i_add_and(java.lang.String,java.lang.String)&amp#27;[0m
  &amp#27;[32mWhen &amp#27;[0m&amp#27;[32mI click on cart icon&amp#27;[0m                                 &amp#27;[90m# stepDefinations.StepDefinations.i_click_on_cart_icon()&amp#27;[0m
  &amp#27;[32mWhen &amp#27;[0m&amp#27;[32mI add &amp#27;[0m&amp#27;[32m&amp#27;[1m"Cauliflower"&amp#27;[0m&amp#27;[32m and &amp#27;[0m&amp#27;[32m&amp#27;[1m"1"&amp#27;[0m            &amp#27;[90m# stepDefinations.StepDefinations.i_add_and(java.lang.String,java.lang.String)&amp#27;[0m
  &amp#27;[32mAnd &amp#27;[0m&amp#27;[32mI click on cart icon&amp#27;[0m                                    &amp#27;[90m# stepDefinations.StepDefinations.i_click_on_cart_icon()&amp#27;[0m
  &amp#27;[32mAnd &amp#27;[0m&amp#27;[32mI click on cart icon&amp#27;[0m                                     &amp#27;[90m# stepDefinations.StepDefinations.i_click_on_cart_icon()&amp#27;[0m
Cauliflower - 1 Kg
2 Nos.
  &amp#27;[32mAnd &amp#27;[0m&amp#27;[32mI click proceed to check out button&amp#27;[0m                     &amp#27;[90m# stepDefinations.StepDefinations.i_click_proceed_to_check_out_button()&amp#27;[0m
  &amp#27;[32mThen &amp#27;[0m&amp#27;[32mI verify the &amp#27;[0m&amp#27;[32m&amp#27;[1m"Cauliflower"&amp#27;[0m&amp#27;[32m with &amp#27;[0m&amp#27;[32m&amp#27;[1m"2"&amp#27;[0m&amp#27;[32m  added to the cart&amp#27;[0m  &amp#27;[90m# stepDefinations.StepDefinations.i_verify_the_with_added_to_the_cart(java.lang.String,java.lang.String)&amp#27;[0m
  &amp#27;[32mAnd &amp#27;[0m&amp#27;[32mI add &amp#27;[0m&amp#27;[32m&amp#27;[1m"Cauliflower"&amp#27;[0m&amp#27;[32m and &amp#27;[0m&amp#27;[32m&amp#27;[1m"1"&amp#27;[0m                           &amp#27;[90m# stepDefinations.StepDefinations.i_add_and(java.lang.String,java.lang.String)&amp#27;[0m
 
  &amp#27;[32mThen &amp#27;[0m&amp#27;[32mI verify that proceed to checkout button is enabled&amp#27;[0m  &amp#27;[90m# stepDefinations.StepDefinations.i_verify_that_proceed_to_checkout_button_is_enabled()&amp#27;[0m
  &amp#27;[32mWhen &amp#27;[0m&amp#27;[32mI add &amp#27;[0m&amp#27;[32m&amp#27;[1m"Tomato"&amp#27;[0m&amp#27;[32m and &amp#27;[0m&amp#27;[32m&amp#27;[1m"1"&amp#27;[0m                                  &amp#27;[90m# stepDefinations.StepDefinations.i_add_and(java.lang.String,java.lang.String)&amp#27;[0m
  &amp#27;[32mThen &amp#27;[0m&amp#27;[32mI verify user is on place order page&amp#27;[0m                   &amp#27;[90m# stepDefinations.StepDefinations.i_verify_user_is_on_place_order_page()&amp#27;[0m
  &amp#27;[32mAnd &amp#27;[0m&amp#27;[32mI get the &amp#27;[0m&amp#27;[32m&amp#27;[1m"Cauliflower"&amp#27;[0m&amp#27;[32m price&amp#27;[0m           &amp#27;[90m# stepDefinations.StepDefinations.i_get_the_price(java.lang.String)&amp#27;[0m
  &amp#27;[32mAnd &amp#27;[0m&amp#27;[32mI click on cart icon&amp#27;[0m                                     &amp#27;[90m# stepDefinations.StepDefinations.i_click_on_cart_icon()&amp#27;[0m
Tomato - 1 Kg
  &amp#27;[32mWhen &amp#27;[0m&amp#27;[32mI click on Place Order button&amp#27;[0m                          &amp#27;[90m# stepDefinations.StepDefinations.i_click_on_place_order_button()&amp#27;[0m
1 No.
  &amp#27;[32mAnd &amp#27;[0m&amp#27;[32mI click on cart icon&amp#27;[0m                    &amp#27;[90m# stepDefinations.StepDefinations.i_click_on_cart_icon()&amp#27;[0m
  &amp#27;[32mThen &amp#27;[0m&amp#27;[32mI verify user is on address details page&amp#27;[0m               &amp#27;[90m# stepDefinations.StepDefinations.i_verify_user_is_on_address_details_page()&amp#27;[0m
  &amp#27;[32mThen &amp#27;[0m&amp#27;[32mI verify the &amp#27;[0m&amp#27;[32m&amp#27;[1m"Tomato"&amp#27;[0m&amp#27;[32m with &amp#27;[0m&amp#27;[32m&amp#27;[1m"1"&amp#27;[0m&amp#27;[32m  added to the cart&amp#27;[0m       &amp#27;[90m# stepDefinations.StepDefinations.i_verify_the_with_added_to_the_cart(java.lang.String,java.lang.String)&amp#27;[0m
  &amp#27;[32mAnd &amp#27;[0m&amp#27;[32mI click proceed to check out button&amp#27;[0m     &amp#27;[90m# stepDefinations.StepDefinations.i_click_proceed_to_check_out_button()&amp#27;[0m
]]></system-out>
    <system-err><![CDATA[SLF4J: Failed to load class "org.slf4j.impl.StaticLoggerBinder".
SLF4J: Defaulting to no-operation (NOP) logger implementation
SLF4J: See http://www.slf4j.org/codes.html#StaticLoggerBinder for further details.
Aug 03, 2025 11:39:43 PM org.openqa.selenium.devtools.CdpVersionFinder findNearestMatch
WARNING: Unable to find CDP implementation matching 138
Aug 03, 2025 11:39:43 PM org.openqa.selenium.devtools.CdpVersionFinder findNearestMatch
WARNING: Unable to find CDP implementation matching 138
Aug 03, 2025 11:39:43 PM org.openqa.selenium.devtools.CdpVersionFinder findNearestMatch
WARNING: Unable to find CDP implementation matching 138
Aug 03, 2025 11:39:43 PM org.openqa.selenium.devtools.CdpVersionFinder findNearestMatch
WARNING: Unable to find CDP implementation matching 138
Aug 03, 2025 11:39:43 PM org.openqa.selenium.devtools.CdpVersionFinder findNearestMatch
WARNING: Unable to find CDP implementation matching 138
Aug 03, 2025 11:39:43 PM org.openqa.selenium.devtools.CdpVersionFinder findNearestMatch
WARNING: Unable to find CDP implementation matching 138
Aug 03, 2025 11:39:43 PM org.openqa.selenium.chromium.ChromiumDriver lambda$new$4
WARNING: Unable to find version of CDP to use for 138.0.7204.184. You may need to include a dependency on a specific version of the CDP using something similar to `org.seleniumhq.selenium:selenium-devtools-v86:4.28.0` where the version ("v86") matches the version of the chromium-based browser you're using and the version number of the artifact is the same as Selenium's.
Aug 03, 2025 11:39:43 PM org.openqa.selenium.chromium.ChromiumDriver lambda$new$4
WARNING: Unable to find version of CDP to use for 138.0.7204.184. You may need to include a dependency on a specific version of the CDP using something similar to `org.seleniumhq.selenium:selenium-devtools-v86:4.28.0` where the version ("v86") matches the version of the chromium-based browser you're using and the version number of the artifact is the same as Selenium's.
Aug 03, 2025 11:39:43 PM org.openqa.selenium.chromium.ChromiumDriver lambda$new$4
WARNING: Unable to find version of CDP to use for 138.0.7204.184. You may need to include a dependency on a specific version of the CDP using something similar to `org.seleniumhq.selenium:selenium-devtools-v86:4.28.0` where the version ("v86") matches the version of the chromium-based browser you're using and the version number of the artifact is the same as Selenium's.
Aug 03, 2025 11:39:43 PM org.openqa.selenium.chromium.ChromiumDriver lambda$new$4
WARNING: Unable to find version of CDP to use for 138.0.7204.184. You may need to include a dependency on a specific version of the CDP using something similar to `org.seleniumhq.selenium:selenium-devtools-v86:4.28.0` where the version ("v86") matches the version of the chromium-based browser you're using and the version number of the artifact is the same as Selenium's.
Aug 03, 2025 11:39:43 PM org.openqa.selenium.chromium.ChromiumDriver lambda$new$4
WARNING: Unable to find version of CDP to use for 138.0.7204.184. You may need to include a dependency on a specific version of the CDP using something similar to `org.seleniumhq.selenium:selenium-devtools-v86:4.28.0` where the version ("v86") matches the version of the chromium-based browser you're using and the version number of the artifact is the same as Selenium's.
Aug 03, 2025 11:39:43 PM org.openqa.selenium.chromium.ChromiumDriver lambda$new$4
WARNING: Unable to find version of CDP to use for 138.0.7204.184. You may need to include a dependency on a specific version of the CDP using something similar to `org.seleniumhq.selenium:selenium-devtools-v86:4.28.0` where the version ("v86") matches the version of the chromium-based browser you're using and the version number of the artifact is the same as Selenium's.
]]></system-err>
  </testcase>
  <testcase name="runScenario[&quot;Validate Proceed to checkout button functionality&quot;, &quot;Validate add to cart functionality&quot;](2)" classname="cucumber.Options.TestRunner" time="11.742">
    <system-out><![CDATA[  &amp#27;[32mWhen &amp#27;[0m&amp#27;[32mI Select country and Accept the terms and conditions&amp#27;[0m   &amp#27;[90m# stepDefinations.StepDefinations.i_select_i_select_and_accept_the_terms_and_conditions(io.cucumber.datatable.DataTable)&amp#27;[0m
    | Country |
    | India   |
]]></system-out>
  </testcase>
  <testcase name="runScenario[&quot;Validate item successfully added to the cart&quot;, &quot;Validate add to cart functionality&quot;](3)" classname="cucumber.Options.TestRunner" time="11.801"/>
  <testcase name="runScenario[&quot;Validate the price on checkout page&quot;, &quot;Validate add to cart functionality&quot;](4)" classname="cucumber.Options.TestRunner" time="12.232">
    <system-out><![CDATA[  &amp#27;[32mAnd &amp#27;[0m&amp#27;[32mI click on Proceed button&amp#27;[0m                               &amp#27;[90m# stepDefinations.StepDefinations.i_click_on_proceed_button()&amp#27;[0m
  &amp#27;[32mThen &amp#27;[0m&amp#27;[32mI verify the price of item&amp#27;[0m             &amp#27;[90m# stepDefinations.StepDefinations.i_verify_the_price_of_item()&amp#27;[0m
]]></system-out>
  </testcase>
  <testcase name="runScenario[&quot;Validate end to end flow to place the order success&quot;, &quot;Validate End to end flow&quot;](5)" classname="cucumber.Options.TestRunner" time="17.132">
    <system-out><![CDATA[
  &amp#27;[32mThen &amp#27;[0m&amp#27;[32mI validate the success message is displayed&amp#27;[0m            &amp#27;[90m# stepDefinations.StepDefinations.i_validate_the_success_message_is_displayed()&amp#27;[0m
]]></system-out>
  </testcase>
  <testcase name="runScenario[&quot;Verify the serach functionality working fine in Top deal&quot;, &quot;Validate Top Deal page&quot;](6)" classname="cucumber.Options.TestRunner" time="20.888">
    <system-out><![CDATA[23:39:59.726 [TestNG-PoolService-6] INFO  resources.Utils - Element not in this window: 0C7555B5F4852AD987053A211ED3EB25
  &amp#27;[32mAnd &amp#27;[0m&amp#27;[32mI Navigate to Top deal Page&amp#27;[0m                                             &amp#27;[90m# stepDefinations.StepDefinations.i_navigate_to_top_deal_page()&amp#27;[0m
  &amp#27;[32mWhen &amp#27;[0m&amp#27;[32mI Search for the text &amp#27;[0m&amp#27;[32m&amp#27;[1m'apple'&amp#27;[0m                                          &amp#27;[90m# stepDefinations.TopDealStepDefinations.i_search_for_the_text(java.lang.String)&amp#27;[0m
  &amp#27;[32mThen &amp#27;[0m&amp#27;[32mI verify that only Items with word containing &amp#27;[0m&amp#27;[32m&amp#27;[1m'apple'&amp#27;[0m&amp#27;[32m is shown to user&amp#27;[0m &amp#27;[90m# stepDefinations.TopDealStepDefinations.i_verify_that_only_items_with_word_containing_is_shown_to_user(java.lang.String)&amp#27;[0m
]]></system-out>
  </testcase>
</testsuite>